This file contains any messages produced by compilers while
running configure, to aid debugging if configure makes a mistake.

It was created by preview-latex configure 11.84, which was
generated by GNU Autoconf 2.68.  Invocation command line was

  $ ./configure --disable-option-checking --prefix=/usr/local --without-texmf-dir --with-lispdir=/Users/yikelu/.emacs.d/el-get/auctex --with-emacs=/Applications/Emacs.app/Contents/MacOS/Emacs --cache-file=/dev/null --srcdir=.

## --------- ##
## Platform. ##
## --------- ##

hostname = Yikes-iMac.local
uname -m = x86_64
uname -r = 11.4.0
uname -s = Darwin
uname -v = Darwin Kernel Version 11.4.0: Mon Apr  9 19:32:15 PDT 2012; root:xnu-1699.26.8~1/RELEASE_X86_64

/usr/bin/uname -p = i386
/bin/uname -X     = unknown

/bin/arch              = unknown
/usr/bin/arch -k       = unknown
/usr/convex/getsysinfo = unknown
/usr/bin/hostinfo      = Mach kernel version:
	 Darwin Kernel Version 11.4.0: Mon Apr  9 19:32:15 PDT 2012; root:xnu-1699.26.8~1/RELEASE_X86_64
Kernel configured for up to 4 processors.
4 processors are physically available.
4 processors are logically available.
Processor type: i486 (Intel 80486)
Processors active: 0 1 2 3
Primary memory available: 4.00 gigabytes
Default processor set: 127 tasks, 593 threads, 4 processors
Load average: 1.79, Mach factor: 2.20
/bin/machine           = unknown
/usr/bin/oslevel       = unknown
/bin/universe          = unknown

PATH: /usr/texbin
PATH: /usr/local/bin
PATH: /usr/bin
PATH: /bin
PATH: /usr/sbin
PATH: /sbin


## ----------- ##
## Core tests. ##
## ----------- ##

configure:1726: checking whether make sets $(MAKE)
configure:1748: result: yes
configure:1800: checking for a BSD-compatible install
configure:1868: result: /usr/bin/install -c
configure:1931: checking for /Applications/Emacs.app/Contents/MacOS/Emacs
configure:1961: result: /Applications/Emacs.app/Contents/MacOS/Emacs
configure:1977: checking if /Applications/Emacs.app/Contents/MacOS/Emacs is XEmacs
/Applications/Emacs.app/Contents/MacOS/Emacs -batch -no-site-file -eval (let* ((x (if (featurep (quote xemacs)) "yes" "no"))) (write-region (if (stringp x) x (prin1-to-string x)) nil "./conftest-71198"))
Wrote /Users/yikelu/.emacs.d/el-get/auctex/preview/conftest-71198
=> no
configure:1997: result: no
configure:2001: checking for Emacs prefix
/Applications/Emacs.app/Contents/MacOS/Emacs -batch -no-site-file -eval (let* ((cmd(pop command-line-args-left))(x (condition-case nil (let*
    ((prefix (directory-file-name (file-name-directory (executable-find cmd))))
     (parent (directory-file-name (file-name-directory prefix))))
    (if (string= (file-name-nondirectory prefix) "bin")
        (setq prefix parent)
      (if (string= (file-name-nondirectory parent) "bin")
         (setq prefix (directory-file-name (file-name-directory parent)))))
    prefix) (error NONE)))) (write-region (if (stringp x) x (prin1-to-string x)) nil "./conftest-71198")) /Applications/Emacs.app/Contents/MacOS/Emacs
Wrote /Users/yikelu/.emacs.d/el-get/auctex/preview/conftest-71198
=> /Applications/Emacs.app/Contents/MacOS
configure:2020: result: "/Applications/Emacs.app/Contents/MacOS"
configure:2050: checking if Emacs is recent enough
/Applications/Emacs.app/Contents/MacOS/Emacs -batch -no-site-file -eval (let* ((x (cond ((< emacs-major-version 21) "no")
			 ((> emacs-major-version 21) "yes")
			 ((< emacs-minor-version 01) "no")
			 (t "yes")))) (write-region (if (stringp x) x (prin1-to-string x)) nil "./conftest-71198"))
Wrote /Users/yikelu/.emacs.d/el-get/auctex/preview/conftest-71198
=> yes
configure:2064: result: yes
configure:2102: checking if build directory is valid
/Applications/Emacs.app/Contents/MacOS/Emacs -batch -eval (let* ((x (if (or (member (directory-file-name default-directory) load-path)	      (member (file-name-as-directory default-directory) load-path))	 "no" "yes"))) (write-region (if (stringp x) x (prin1-to-string x)) nil "./conftest-71198"))
Wrote /Users/yikelu/.emacs.d/el-get/auctex/preview/conftest-71198
=> yes
configure:2118: result: yes
configure:2208: checking where lisp files go
configure:2280: result: /Users/yikelu/.emacs.d/el-get/auctex
configure:2284: checking what file to use for preview startup
configure:2311: result: /Users/yikelu/.emacs.d/el-get/auctex/preview-latex.el
configure:2325: checking where the package lisp files go
/Applications/Emacs.app/Contents/MacOS/Emacs -batch -no-site-file -eval (let* ((path(pop command-line-args-left)) (lispdir(pop command-line-args-left)) (startup(pop command-line-args-left)) (target(pop command-line-args-left))(x (progn (setq path (directory-file-name path))
  (if (or target
          (not (string= (car load-path) (directory-file-name (car load-path)))))
    (setq path (file-name-as-directory path)))
  (setq path (expand-file-name path lispdir))
  (setq startupdir (file-name-directory (expand-file-name startup lispdir)))
  (prin1-to-string
    (if (or (string-match "\`\.\."
              (setq relname (file-relative-name startupdir lispdir)))
            (file-name-absolute-p relname)
	    (string-match "\`\.\."
              (setq relname (file-relative-name path lispdir)))
 	    (file-name-absolute-p relname))
	  (concat path target)
	(cond (target
	       `(expand-file-name
                   ,(file-relative-name (concat path target) startupdir)
	           (file-name-directory load-file-name)))
              ((string= path startupdir)
	         '(file-name-directory load-file-name))
	      ((string= path (directory-file-name startupdir))
                 '(directory-file-name (file-name-directory load-file-name)))
              (t
	       `(expand-file-name
                   ,(file-relative-name path startupdir)
	           (file-name-directory load-file-name))))))))) (write-region (if (stringp x) x (prin1-to-string x)) nil "./conftest-71198")) /Users/yikelu/.emacs.d/el-get/auctex/auctex /Users/yikelu/.emacs.d/el-get/auctex /Users/yikelu/.emacs.d/el-get/auctex/preview-latex.el
Wrote /Users/yikelu/.emacs.d/el-get/auctex/preview/conftest-71198
=> (expand-file-name "auctex" (file-name-directory load-file-name))
configure:2406: result: /Users/yikelu/.emacs.d/el-get/auctex/auctex
configure:2409: checking where the data files go
/Applications/Emacs.app/Contents/MacOS/Emacs -batch -no-site-file -eval (let* ((path(pop command-line-args-left)) (lispdir(pop command-line-args-left)) (startup(pop command-line-args-left)) (target(pop command-line-args-left))(x (progn (setq path (directory-file-name path))
  (if (or target
          (not (string= (car load-path) (directory-file-name (car load-path)))))
    (setq path (file-name-as-directory path)))
  (setq path (expand-file-name path lispdir))
  (setq startupdir (file-name-directory (expand-file-name startup lispdir)))
  (prin1-to-string
    (if (or (string-match "\`\.\."
              (setq relname (file-relative-name startupdir lispdir)))
            (file-name-absolute-p relname)
	    (string-match "\`\.\."
              (setq relname (file-relative-name path lispdir)))
 	    (file-name-absolute-p relname))
	  (concat path target)
	(cond (target
	       `(expand-file-name
                   ,(file-relative-name (concat path target) startupdir)
	           (file-name-directory load-file-name)))
              ((string= path startupdir)
	         '(file-name-directory load-file-name))
	      ((string= path (directory-file-name startupdir))
                 '(directory-file-name (file-name-directory load-file-name)))
              (t
	       `(expand-file-name
                   ,(file-relative-name path startupdir)
	           (file-name-directory load-file-name))))))))) (write-region (if (stringp x) x (prin1-to-string x)) nil "./conftest-71198")) /Users/yikelu/.emacs.d/el-get/auctex/auctex /Users/yikelu/.emacs.d/el-get/auctex /Users/yikelu/.emacs.d/el-get/auctex/preview-latex.el
Wrote /Users/yikelu/.emacs.d/el-get/auctex/preview/conftest-71198
=> (expand-file-name "auctex" (file-name-directory load-file-name))
configure:2490: result: /Users/yikelu/.emacs.d/el-get/auctex/auctex
configure:2497: checking for the location of AUCTeX's tex-site.el
configure:2546: result: ..
configure:2557: checking for gs
configure:2573: found /usr/local/bin/gs
configure:2584: result: gs
/Applications/Emacs.app/Contents/MacOS/Emacs -batch -no-site-file -eval (let* ((dir(pop command-line-args-left))(x (if (member dir (list "NONE" (if (eq system-type 'windows-nt) "GSWIN32C.EXE" "gs"))) "" `(defvar preview-gs-command ,dir)))) (write-region (if (stringp x) x (prin1-to-string x)) nil "./conftest-71198")) gs
Wrote /Users/yikelu/.emacs.d/el-get/auctex/preview/conftest-71198
=> 
configure:2612: checking for latex
configure:2630: found /usr/texbin/latex
configure:2643: result: /usr/texbin/latex
configure:2659: checking for pdflatex
configure:2677: found /usr/texbin/pdflatex
configure:2689: result: /usr/texbin/pdflatex
configure:2708: checking for tex
configure:2739: result: /usr/texbin/tex
/Applications/Emacs.app/Contents/MacOS/Emacs -batch -no-site-file -eval (let* ((path(pop command-line-args-left)) (lispdir(pop command-line-args-left)) (startup(pop command-line-args-left)) (target(pop command-line-args-left))(x (progn (setq path (directory-file-name path))
  (if (or target
          (not (string= (car load-path) (directory-file-name (car load-path)))))
    (setq path (file-name-as-directory path)))
  (setq path (expand-file-name path lispdir))
  (setq startupdir (file-name-directory (expand-file-name startup lispdir)))
  (prin1-to-string
    (if (or (string-match "\`\.\."
              (setq relname (file-relative-name startupdir lispdir)))
            (file-name-absolute-p relname)
	    (string-match "\`\.\."
              (setq relname (file-relative-name path lispdir)))
 	    (file-name-absolute-p relname))
	  (concat path target)
	(cond (target
	       `(expand-file-name
                   ,(file-relative-name (concat path target) startupdir)
	           (file-name-directory load-file-name)))
              ((string= path startupdir)
	         '(file-name-directory load-file-name))
	      ((string= path (directory-file-name startupdir))
                 '(directory-file-name (file-name-directory load-file-name)))
              (t
	       `(expand-file-name
                   ,(file-relative-name path startupdir)
	           (file-name-directory load-file-name))))))))) (write-region (if (stringp x) x (prin1-to-string x)) nil "./conftest-71198")) /Users/yikelu/.emacs.d/el-get/auctex/auctex/latex /Users/yikelu/.emacs.d/el-get/auctex /Users/yikelu/.emacs.d/el-get/auctex/preview-latex.el
Wrote /Users/yikelu/.emacs.d/el-get/auctex/preview/conftest-71198
=> (expand-file-name "auctex/latex" (file-name-directory load-file-name))
configure:3303: checking for glaring installation conflicts
/Applications/Emacs.app/Contents/MacOS/Emacs -batch -eval (let* ((packagelispdir(pop command-line-args-left)) (previewstartfile(pop command-line-args-left))(x 
  (concat
    (and (setq tmp (locate-library "preview.elc"))
         (not (string= (file-truename tmp)
	               (file-truename (expand-file-name "preview.elc"
                                      packagelispdir))))
         (format "Conflicting previous installation in `%s' found!
"
                 (file-name-directory tmp)))
    (and (setq tmp (locate-library "preview-latex.el"))
         (not (string= (file-truename tmp)
                       (file-truename previewstartfile)))
         (format "Conflicting previous startup file `%s' found!
" tmp))))) (write-region (if (stringp x) x (prin1-to-string x)) nil "./conftest-71198")) /Users/yikelu/.emacs.d/el-get/auctex/auctex /Users/yikelu/.emacs.d/el-get/auctex/preview-latex.el
Wrote /Users/yikelu/.emacs.d/el-get/auctex/preview/conftest-71198
=> 
configure:3365: result: probably none
configure:3599: creating ./config.status

## ---------------------- ##
## Running config.status. ##
## ---------------------- ##

This file was extended by preview-latex config.status 11.84, which was
generated by GNU Autoconf 2.68.  Invocation command line was

  CONFIG_FILES    = 
  CONFIG_HEADERS  = 
  CONFIG_LINKS    = 
  CONFIG_COMMANDS = 
  $ ./config.status 

on Yikes-iMac.local

config.status:755: creating Makefile
config.status:755: creating auto.el
config.status:755: creating latex/Makefile

## ---------------- ##
## Cache variables. ##
## ---------------- ##

ac_cv_env_GS_set=
ac_cv_env_GS_value=
ac_cv_env_TEXHASH_set=
ac_cv_env_TEXHASH_value=
ac_cv_env_build_alias_set=
ac_cv_env_build_alias_value=
ac_cv_env_host_alias_set=
ac_cv_env_host_alias_value=
ac_cv_env_target_alias_set=
ac_cv_env_target_alias_value=
ac_cv_path_EMACS=/Applications/Emacs.app/Contents/MacOS/Emacs
ac_cv_path_LATEX=/usr/texbin/latex
ac_cv_path_PDFLATEX=/usr/texbin/pdflatex
ac_cv_path_TEX=/usr/texbin/tex
ac_cv_path_install='/usr/bin/install -c'
ac_cv_prog_GS=gs
ac_cv_prog_make_make_set=yes

## ----------------- ##
## Output variables. ##
## ----------------- ##

DEFS='-DPACKAGE_NAME=\"preview-latex\" -DPACKAGE_TARNAME=\"preview-latex\" -DPACKAGE_VERSION=\"11.84\" -DPACKAGE_STRING=\"preview-latex\ 11.84\" -DPACKAGE_BUGREPORT=\"bug-auctex@gnu.org\" -DPACKAGE_URL=\"\"'
ECHO_C='\c'
ECHO_N=''
ECHO_T=''
EMACS='/Applications/Emacs.app/Contents/MacOS/Emacs'
EMACS_FLAVOR='emacs'
GS='gs'
INSTALL_DATA='${INSTALL} -m 644'
INSTALL_PROGRAM='${INSTALL}'
INSTALL_SCRIPT='${INSTALL}'
LATEX='/usr/texbin/latex'
LIBOBJS=''
LIBS=''
LTLIBOBJS=''
PACKAGE_BUGREPORT='bug-auctex@gnu.org'
PACKAGE_NAME='preview-latex'
PACKAGE_STRING='preview-latex 11.84'
PACKAGE_TARNAME='preview-latex'
PACKAGE_URL=''
PACKAGE_VERSION='11.84'
PATH_SEPARATOR=':'
PDFLATEX='/usr/texbin/pdflatex'
PLAT_LISP='prv-emacs.el'
SET_MAKE=''
SHELL='/bin/sh'
TEX='/usr/texbin/tex'
TEXHASH=':'
TEXMFGEN='preview.sty prauctex.def prauctex.cfg prshowbox.def prshowlabels.def prtracingall.def prtightpage.def prlyx.def prcounters.def prfootnotes.def'
XEMACS='no'
auctexdir='..'
bindir='${exec_prefix}/bin'
build_alias=''
datadir='${datarootdir}'
datarootdir='${prefix}/share'
docdir='${datarootdir}/doc/${PACKAGE_TARNAME}'
dvidir='${docdir}'
exec_prefix='${prefix}'
host_alias=''
htmldir='${docdir}'
includedir='${prefix}/include'
infodir='${datarootdir}/info'
libdir='${exec_prefix}/lib'
libexecdir='${exec_prefix}/libexec'
lispGS=''
lispdir='/Users/yikelu/.emacs.d/el-get/auctex'
lisppackagedatadir='(expand-file-name "auctex" (file-name-directory load-file-name))'
lisppackagelispdir='(expand-file-name "auctex" (file-name-directory load-file-name))'
lisppackagetexstyles='(defvar preview-TeX-style-dir (expand-file-name "auctex/latex" (file-name-directory load-file-name)))'
localedir='${datarootdir}/locale'
localstatedir='${prefix}/var'
mandir='${datarootdir}/man'
oldincludedir='/usr/include'
packagedatadir='/Users/yikelu/.emacs.d/el-get/auctex/auctex'
packagedir='no'
packagelispdir='/Users/yikelu/.emacs.d/el-get/auctex/auctex'
packagetexstyles='/Users/yikelu/.emacs.d/el-get/auctex/auctex/latex'
pdfdir='${docdir}'
prefix='/usr/local'
previewdocdir='/Users/yikelu/.emacs.d/el-get/auctex/auctex/doc'
previewstartfile='/Users/yikelu/.emacs.d/el-get/auctex/preview-latex.el'
previewtexmfdir='/Users/yikelu/.emacs.d/el-get/auctex/auctex/latex'
program_transform_name='s,x,x,'
psdir='${docdir}'
sbindir='${exec_prefix}/sbin'
sharedstatedir='${prefix}/com'
sysconfdir='${prefix}/etc'
target_alias=''
texmfdir='no'

## ----------- ##
## confdefs.h. ##
## ----------- ##

/* confdefs.h */
#define PACKAGE_NAME "preview-latex"
#define PACKAGE_TARNAME "preview-latex"
#define PACKAGE_VERSION "11.84"
#define PACKAGE_STRING "preview-latex 11.84"
#define PACKAGE_BUGREPORT "bug-auctex@gnu.org"
#define PACKAGE_URL ""

configure: exit 0
